生成启动时间为 2017/8/24 16:56:33。
     1>项目“D:\VSProjects\Enter_3D\enter_3d_camera\enter_3d_camera.vcxproj”在节点 2 上(Build 个目标)。
     1>ClCompile:
         C:\Program Files (x86)\Microsoft Visual Studio 12.0\VC\bin\CL.exe /c /ZI /nologo /W3 /WX- /sdl /Od /Oy- /D _MBCS /Gm /EHsc /RTC1 /MDd /GS /fp:precise /Zc:wchar_t /Zc:forScope /Fo"Debug\\" /Fd"Debug\vc120.pdb" /Gd /TP /analyze- /errorReport:prompt Camera.cpp main.cpp
         main.cpp
     1>d:\vsprojects\enter_3d\enter_3d_camera\camera.h(97): warning C4305: “*=”: 从“double”到“GLfloat”截断
     1>d:\vsprojects\enter_3d\enter_3d_camera\main.cpp(312): warning C4244: “参数”: 从“const int”转换到“float”，可能丢失数据
     1>d:\vsprojects\enter_3d\enter_3d_camera\main.cpp(153): warning C4101: “EBOId”: 未引用的局部变量
     1>d:\vsprojects\enter_3d\enter_3d_camera\main.cpp(363): warning C4244: “参数”: 从“double”转换到“GLfloat”，可能丢失数据
     1>d:\vsprojects\enter_3d\enter_3d_camera\main.cpp(368): warning C4244: “参数”: 从“double”转换到“GLfloat”，可能丢失数据
         正在生成代码...
         正在跳过...(未检测到相关更改)
         Camera.cpp
       Link:
         C:\Program Files (x86)\Microsoft Visual Studio 12.0\VC\bin\link.exe /ERRORREPORT:PROMPT /OUT:"D:\VSProjects\Enter_3D\Debug\enter_3d_camera.exe" /INCREMENTAL /NOLOGO opengl32.lib glfw3.lib glew32s.lib SOIL.lib kernel32.lib user32.lib gdi32.lib winspool.lib comdlg32.lib advapi32.lib shell32.lib ole32.lib oleaut32.lib uuid.lib odbc32.lib odbccp32.lib /MANIFEST /MANIFESTUAC:"level='asInvoker' uiAccess='false'" /manifest:embed /DEBUG /PDB:"D:\VSProjects\Enter_3D\Debug\enter_3d_camera.pdb" /TLBID:1 /DYNAMICBASE /NXCOMPAT /IMPLIB:"D:\VSProjects\Enter_3D\Debug\enter_3d_camera.lib" /MACHINE:X86 Debug\Camera.obj
         Debug\main.obj
         SOIL.lib(SOIL.obj) : 找到 MSIL .netmodule 或使用 /GL 编译的模块；正在使用 /LTCG 重新启动链接；将 /LTCG 添加到链接命令行以改进链接器性能
     1>LINK : warning LNK4075: 忽略“/INCREMENTAL”(由于“/LTCG”规范)
     1>Camera.obj : warning LNK4075: 忽略“/EDITANDCONTINUE”(由于“/OPT:LBR”规范)
     1>LINK : warning LNK4098: 默认库“MSVCRT”与其他库的使用冲突；请使用 /NODEFAULTLIB:library
     1>LINK : warning LNK4098: 默认库“LIBCMT”与其他库的使用冲突；请使用 /NODEFAULTLIB:library
         正在生成代码
         已完成代码的生成
     1>SOIL.lib(SOIL.obj) : warning LNK4099: 未找到 PDB“vc110.pdb”(使用“SOIL.lib(SOIL.obj)”或在“D:\VSProjects\Enter_3D\Debug\vc110.pdb”中寻找)；正在链接对象，如同没有调试信息一样
     1>SOIL.lib(stb_image_aug.obj) : warning LNK4099: 未找到 PDB“vc110.pdb”(使用“SOIL.lib(stb_image_aug.obj)”或在“D:\VSProjects\Enter_3D\Debug\vc110.pdb”中寻找)；正在链接对象，如同没有调试信息一样
     1>SOIL.lib(image_helper.obj) : warning LNK4099: 未找到 PDB“vc110.pdb”(使用“SOIL.lib(image_helper.obj)”或在“D:\VSProjects\Enter_3D\Debug\vc110.pdb”中寻找)；正在链接对象，如同没有调试信息一样
     1>SOIL.lib(image_DXT.obj) : warning LNK4099: 未找到 PDB“vc110.pdb”(使用“SOIL.lib(image_DXT.obj)”或在“D:\VSProjects\Enter_3D\Debug\vc110.pdb”中寻找)；正在链接对象，如同没有调试信息一样
     1>glew32s.lib(glew.obj) : warning LNK4099: 未找到 PDB“vc110.pdb”(使用“glew32s.lib(glew.obj)”或在“D:\VSProjects\Enter_3D\Debug\vc110.pdb”中寻找)；正在链接对象，如同没有调试信息一样
         enter_3d_camera.vcxproj -> D:\VSProjects\Enter_3D\Debug\enter_3d_camera.exe
     1>已完成生成项目“D:\VSProjects\Enter_3D\enter_3d_camera\enter_3d_camera.vcxproj”(Build 个目标)的操作。

生成成功。

已用时间 00:00:06.30
